<?xml version="1.0" encoding="UTF-8"?>
<testsuite name="com.v2.migration.MigrationApplicationTests" tests="1" skipped="0" failures="0" errors="0" timestamp="2021-10-24T13:19:31" hostname="sivishal-a01.vmware.com" time="0.231">
  <properties/>
  <testcase name="contextLoads()" classname="com.v2.migration.MigrationApplicationTests" time="0.231"/>
  <system-out><![CDATA[18:49:28.432 [Test worker] DEBUG org.springframework.test.context.BootstrapUtils - Instantiating CacheAwareContextLoaderDelegate from class [org.springframework.test.context.cache.DefaultCacheAwareContextLoaderDelegate]
18:49:28.440 [Test worker] DEBUG org.springframework.test.context.BootstrapUtils - Instantiating BootstrapContext using constructor [public org.springframework.test.context.support.DefaultBootstrapContext(java.lang.Class,org.springframework.test.context.CacheAwareContextLoaderDelegate)]
18:49:28.465 [Test worker] DEBUG org.springframework.test.context.BootstrapUtils - Instantiating TestContextBootstrapper for test class [com.v2.migration.MigrationApplicationTests] from class [org.springframework.boot.test.context.SpringBootTestContextBootstrapper]
18:49:28.473 [Test worker] INFO org.springframework.boot.test.context.SpringBootTestContextBootstrapper - Neither @ContextConfiguration nor @ContextHierarchy found for test class [com.v2.migration.MigrationApplicationTests], using SpringBootContextLoader
18:49:28.476 [Test worker] DEBUG org.springframework.test.context.support.AbstractContextLoader - Did not detect default resource location for test class [com.v2.migration.MigrationApplicationTests]: class path resource [com/v2/migration/MigrationApplicationTests-context.xml] does not exist
18:49:28.476 [Test worker] DEBUG org.springframework.test.context.support.AbstractContextLoader - Did not detect default resource location for test class [com.v2.migration.MigrationApplicationTests]: class path resource [com/v2/migration/MigrationApplicationTestsContext.groovy] does not exist
18:49:28.477 [Test worker] INFO org.springframework.test.context.support.AbstractContextLoader - Could not detect default resource locations for test class [com.v2.migration.MigrationApplicationTests]: no resource found for suffixes {-context.xml, Context.groovy}.
18:49:28.477 [Test worker] INFO org.springframework.test.context.support.AnnotationConfigContextLoaderUtils - Could not detect default configuration classes for test class [com.v2.migration.MigrationApplicationTests]: MigrationApplicationTests does not declare any static, non-private, non-final, nested classes annotated with @Configuration.
18:49:28.509 [Test worker] DEBUG org.springframework.test.context.support.ActiveProfilesUtils - Could not find an 'annotation declaring class' for annotation type [org.springframework.test.context.ActiveProfiles] and class [com.v2.migration.MigrationApplicationTests]
18:49:28.558 [Test worker] DEBUG org.springframework.context.annotation.ClassPathScanningCandidateComponentProvider - Identified candidate component class: file [/Users/sivishal/Projects/Personal/migration/build/classes/java/main/com/v2/migration/MigrationApplication.class]
18:49:28.559 [Test worker] INFO org.springframework.boot.test.context.SpringBootTestContextBootstrapper - Found @SpringBootConfiguration com.v2.migration.MigrationApplication for test class com.v2.migration.MigrationApplicationTests
18:49:28.642 [Test worker] DEBUG org.springframework.boot.test.context.SpringBootTestContextBootstrapper - @TestExecutionListeners is not present for class [com.v2.migration.MigrationApplicationTests]: using defaults.
18:49:28.642 [Test worker] INFO org.springframework.boot.test.context.SpringBootTestContextBootstrapper - Loaded default TestExecutionListener class names from location [META-INF/spring.factories]: [org.springframework.boot.test.autoconfigure.restdocs.RestDocsTestExecutionListener, org.springframework.boot.test.autoconfigure.web.client.MockRestServiceServerResetTestExecutionListener, org.springframework.boot.test.autoconfigure.web.servlet.MockMvcPrintOnlyOnFailureTestExecutionListener, org.springframework.boot.test.autoconfigure.web.servlet.WebDriverTestExecutionListener, org.springframework.boot.test.autoconfigure.webservices.client.MockWebServiceServerTestExecutionListener, org.springframework.boot.test.mock.mockito.MockitoTestExecutionListener, org.springframework.boot.test.mock.mockito.ResetMocksTestExecutionListener, org.springframework.test.context.web.ServletTestExecutionListener, org.springframework.test.context.support.DirtiesContextBeforeModesTestExecutionListener, org.springframework.test.context.event.ApplicationEventsTestExecutionListener, org.springframework.test.context.support.DependencyInjectionTestExecutionListener, org.springframework.test.context.support.DirtiesContextTestExecutionListener, org.springframework.test.context.transaction.TransactionalTestExecutionListener, org.springframework.test.context.jdbc.SqlScriptsTestExecutionListener, org.springframework.test.context.event.EventPublishingTestExecutionListener]
18:49:28.655 [Test worker] DEBUG org.springframework.boot.test.context.SpringBootTestContextBootstrapper - Skipping candidate TestExecutionListener [org.springframework.test.context.transaction.TransactionalTestExecutionListener] due to a missing dependency. Specify custom listener classes or make the default listener classes and their required dependencies available. Offending class: [org/springframework/transaction/TransactionDefinition]
18:49:28.655 [Test worker] DEBUG org.springframework.boot.test.context.SpringBootTestContextBootstrapper - Skipping candidate TestExecutionListener [org.springframework.test.context.jdbc.SqlScriptsTestExecutionListener] due to a missing dependency. Specify custom listener classes or make the default listener classes and their required dependencies available. Offending class: [org/springframework/transaction/interceptor/TransactionAttribute]
18:49:28.656 [Test worker] INFO org.springframework.boot.test.context.SpringBootTestContextBootstrapper - Using TestExecutionListeners: [org.springframework.test.context.web.ServletTestExecutionListener@25bf099a, org.springframework.test.context.support.DirtiesContextBeforeModesTestExecutionListener@6e68c4bc, org.springframework.test.context.event.ApplicationEventsTestExecutionListener@35398c09, org.springframework.boot.test.mock.mockito.MockitoTestExecutionListener@6cc5b30d, org.springframework.boot.test.autoconfigure.SpringBootDependencyInjectionTestExecutionListener@316b94d6, org.springframework.test.context.support.DirtiesContextTestExecutionListener@190efb63, org.springframework.test.context.event.EventPublishingTestExecutionListener@60ae658f, org.springframework.boot.test.autoconfigure.restdocs.RestDocsTestExecutionListener@21b2ff4c, org.springframework.boot.test.autoconfigure.web.client.MockRestServiceServerResetTestExecutionListener@4c120288, org.springframework.boot.test.autoconfigure.web.servlet.MockMvcPrintOnlyOnFailureTestExecutionListener@22a92d8a, org.springframework.boot.test.autoconfigure.web.servlet.WebDriverTestExecutionListener@31b8a64d, org.springframework.boot.test.autoconfigure.webservices.client.MockWebServiceServerTestExecutionListener@7c677a9, org.springframework.boot.test.mock.mockito.ResetMocksTestExecutionListener@5b9c339b]
18:49:28.658 [Test worker] DEBUG org.springframework.test.context.support.AbstractDirtiesContextTestExecutionListener - Before test class: context [DefaultTestContext@220ba393 testClass = MigrationApplicationTests, testInstance = [null], testMethod = [null], testException = [null], mergedContextConfiguration = [WebMergedContextConfiguration@6c6fc8fa testClass = MigrationApplicationTests, locations = '{}', classes = '{class com.v2.migration.MigrationApplication}', contextInitializerClasses = '[]', activeProfiles = '{}', propertySourceLocations = '{}', propertySourceProperties = '{org.springframework.boot.test.context.SpringBootTestContextBootstrapper=true}', contextCustomizers = set[org.springframework.boot.test.autoconfigure.actuate.metrics.MetricsExportContextCustomizerFactory$DisableMetricExportContextCustomizer@34297d72, org.springframework.boot.test.autoconfigure.properties.PropertyMappingContextCustomizer@0, org.springframework.boot.test.autoconfigure.web.servlet.WebDriverContextCustomizerFactory$Customizer@65aaee72, org.springframework.boot.test.context.filter.ExcludeFilterContextCustomizer@d5f521a, org.springframework.boot.test.json.DuplicateJsonObjectContextCustomizerFactory$DuplicateJsonObjectContextCustomizer@3b0f2dc5, org.springframework.boot.test.mock.mockito.MockitoContextCustomizer@0, org.springframework.boot.test.web.client.TestRestTemplateContextCustomizer@1e144c4d, org.springframework.boot.test.context.SpringBootTestArgs@1, org.springframework.boot.test.context.SpringBootTestWebEnvironment@189e7276], resourceBasePath = 'src/main/webapp', contextLoader = 'org.springframework.boot.test.context.SpringBootContextLoader', parent = [null]], attributes = map['org.springframework.test.context.web.ServletTestExecutionListener.activateListener' -> true]], class annotated with @DirtiesContext [false] with mode [null].
18:49:28.690 [Test worker] DEBUG org.springframework.test.context.support.TestPropertySourceUtils - Adding inlined properties to environment: {spring.jmx.enabled=false, org.springframework.boot.test.context.SpringBootTestContextBootstrapper=true}

  .   ____          _            __ _ _
 /\\ / ___'_ __ _ _(_)_ __  __ _ \ \ \ \
( ( )\___ | '_ | '_| | '_ \/ _` | \ \ \ \
 \\/  ___)| |_)| | | | | || (_| |  ) ) ) )
  '  |____| .__|_| |_|_| |_\__, | / / / /
 =========|_|==============|___/=/_/_/_/
 :: Spring Boot ::      (v2.4.13-SNAPSHOT)

2021-10-24 18:49:28.897  INFO 5904 --- [    Test worker] c.v.migration.MigrationApplicationTests  : Starting MigrationApplicationTests using Java 11.0.12 on sivishal-a01.vmware.com with PID 5904 (started by sivishal in /Users/sivishal/Projects/Personal/migration)
2021-10-24 18:49:28.899  INFO 5904 --- [    Test worker] c.v.migration.MigrationApplicationTests  : No active profile set, falling back to default profiles: default
2021-10-24 18:49:31.447  INFO 5904 --- [    Test worker] c.v.migration.MigrationApplicationTests  : Started MigrationApplicationTests in 2.745 seconds (JVM running for 3.693)
]]></system-out>
  <system-err><![CDATA[]]></system-err>
</testsuite>
